<?xml version="1.0" encoding="utf-8"?><testsuites name="pytest tests"><testsuite name="pytest" errors="0" failures="0" skipped="0" tests="17" time="13.648" timestamp="2026-08-04T15:45:58.085866+00:00" hostname="agent-env-29253a72-e779-4b8a-9235-919e1eedeb70"><testcase classname="tests.test_iteration3.TestEmailAndWeekly" name="test_register_with_email" time="0.982" /><testcase classname="tests.test_iteration3.TestRatings" name="test_rate_success_updates_collector" time="2.448" /><testcase classname="tests.test_iteration3.TestEmailAndWeekly" name="test_patch_user_email" time="0.743" /><testcase classname="tests.test_iteration3.TestEmailAndWeekly" name="test_email_status_unconfigured" time="0.614" /><testcase classname="tests.test_iteration3.TestEmailAndWeekly" name="test_send_now_no_email_400" time="0.660" /><testcase classname="tests.test_iteration3.TestRatings" name="test_rate_invalid_range" time="2.158" /><testcase classname="tests.test_iteration3.TestEmailAndWeekly" name="test_send_now_with_email_503" time="0.625" /><testcase classname="tests.test_iteration3.TestEmailAndWeekly" name="test_admin_broadcast_503" time="0.293" /><testcase classname="tests.test_iteration3.TestAdminRatings" name="test_admin_ratings_unauth" time="0.758" /><testcase classname="tests.test_iteration3.TestRatings" name="test_rate_already_rated_409" time="2.114" /><testcase classname="tests.test_iteration3.TestAdminRatings" name="test_admin_ratings_list" time="1.984" /><testcase classname="tests.test_iteration3.TestAdminRatings" name="test_admin_summary_has_new_fields" time="0.452" /><testcase classname="tests.test_iteration3.TestRatings" name="test_rate_pending_order_404" time="1.370" /><testcase classname="tests.test_iteration3.TestRatings" name="test_rate_collector_forbidden" time="1.451" /><testcase classname="tests.test_iteration3.TestRatings" name="test_rate_non_owner_seller_404" time="1.791" /><testcase classname="tests.test_iteration3.TestRatings" name="test_top_collectors_public" time="1.371" /><testcase classname="tests.test_iteration3.TestRatings" name="test_collector_stats_has_rating" time="0.462" /></testsuite></testsuites>