<?xml version="1.0" encoding="utf-8"?><testsuites name="pytest tests"><testsuite name="pytest" errors="0" failures="0" skipped="0" tests="14" time="9.654" timestamp="2026-08-04T15:12:47.208664+00:00" hostname="agent-env-29253a72-e779-4b8a-9235-919e1eedeb70"><testcase classname="tests.test_smart_scrap.TestPricing" name="test_default_categories_seeded" time="0.469" /><testcase classname="tests.test_smart_scrap.TestReferrals" name="test_register_generates_referral_code" time="0.460" /><testcase classname="tests.test_smart_scrap.TestReferrals" name="test_register_invalid_referral_code_no_error" time="0.646" /><testcase classname="tests.test_smart_scrap.TestPricing" name="test_order_uses_current_dynamic_price" time="2.772" /><testcase classname="tests.test_smart_scrap.TestReferrals" name="test_seller_stats_fields" time="0.545" /><testcase classname="tests.test_smart_scrap.TestReferrals" name="test_end_to_end_referral_flow" time="3.112" /><testcase classname="tests.test_smart_scrap.TestPricing" name="test_admin_pricing_invalid_price" time="0.596" /><testcase classname="tests.test_smart_scrap.TestPricing" name="test_admin_pricing_requires_admin" time="1.020" /><testcase classname="tests.test_smart_scrap.TestTwilio" name="test_twilio_status_unconfigured" time="0.639" /><testcase classname="tests.test_smart_scrap.TestFeedAndSummary" name="test_feed_masks_mobile" time="1.693" /><testcase classname="tests.test_smart_scrap.TestTwilio" name="test_call_returns_503_when_unconfigured" time="1.456" /><testcase classname="tests.test_smart_scrap.TestFeedAndSummary" name="test_admin_summary_has_twilio_flag" time="0.345" /><testcase classname="tests.test_smart_scrap.TestTwilio" name="test_call_non_participant_403" time="1.611" /><testcase classname="tests.test_smart_scrap.TestTwilio" name="test_seller_call_before_accept_400" time="0.717" /></testsuite></testsuites>